  Model.cpp
Model.cpp(17): warning C4244: '초기화 중': 'double'에서 'float'(으)로 변환하면서 데이터가 손실될 수 있습니다.
Model.cpp(26): warning C4018: '<': signed 또는 unsigned가 일치하지 않습니다.
Model.cpp(27): warning C4018: '<': signed 또는 unsigned가 일치하지 않습니다.
Model.cpp(42): error C2679: 이항 '=': 오른쪽 피연산자로 'glm::tvec4<float,0>' 형식을 사용하는 연산자가 없거나 허용되는 변환이 없습니다.
  c:\users\riul5\documents\visual studio 2015\projects\sshw1\sshw1\Model.h(26): note: 'Model::boundarybox &Model::boundarybox::operator =(Model::boundarybox &&)'일 수 있습니다.
  c:\users\riul5\documents\visual studio 2015\projects\sshw1\sshw1\Model.h(26): note: 또는       'Model::boundarybox &Model::boundarybox::operator =(const Model::boundarybox &)'
  Model.cpp(42): note: 인수 목록 '(Model::BoundaryBox, glm::tvec4<float,0>)'을(를) 일치시키는 동안
Model.cpp(51): warning C4018: '<': signed 또는 unsigned가 일치하지 않습니다.
Model.cpp(52): warning C4018: '<': signed 또는 unsigned가 일치하지 않습니다.
Model.cpp(195): warning C4477: 'printf' : 서식 문자열 '%d'에 'int' 형식의 인수가 필요하지만 variadic 인수 1의 형식이 'unsigned __int64'입니다.
  Model.cpp(195): note: 서식 문자열에서 '%zd'을(를) 사용하는 것이 좋습니다.
Model.cpp(195): warning C4477: 'printf' : 서식 문자열 '%d'에 'int' 형식의 인수가 필요하지만 variadic 인수 2의 형식이 'unsigned __int64'입니다.
  Model.cpp(195): note: 서식 문자열에서 '%zd'을(를) 사용하는 것이 좋습니다.
Model.cpp(195): warning C4477: 'printf' : 서식 문자열 '%d'에 'int' 형식의 인수가 필요하지만 variadic 인수 3의 형식이 'unsigned __int64'입니다.
  Model.cpp(195): note: 서식 문자열에서 '%zd'을(를) 사용하는 것이 좋습니다.
Model.cpp(219): warning C4477: 'printf' : 서식 문자열 '%d'에 'int' 형식의 인수가 필요하지만 variadic 인수 1의 형식이 'unsigned __int64'입니다.
  Model.cpp(219): note: 서식 문자열에서 '%zd'을(를) 사용하는 것이 좋습니다.
Model.cpp(219): warning C4477: 'printf' : 서식 문자열 '%d'에 'int' 형식의 인수가 필요하지만 variadic 인수 2의 형식이 'unsigned __int64'입니다.
  Model.cpp(219): note: 서식 문자열에서 '%zd'을(를) 사용하는 것이 좋습니다.
Model.cpp(219): warning C4477: 'printf' : 서식 문자열 '%d'에 'int' 형식의 인수가 필요하지만 variadic 인수 3의 형식이 'unsigned __int64'입니다.
  Model.cpp(219): note: 서식 문자열에서 '%zd'을(를) 사용하는 것이 좋습니다.
  Renderer.cpp
Renderer.cpp(59): warning C4018: '<': signed 또는 unsigned가 일치하지 않습니다.
Renderer.cpp(79): error C2440: '초기화 중': 'Model::BoundaryBox'에서 'glm::vec4 &'(으)로 변환할 수 없습니다.
Renderer.cpp(80): error C2059: 구문 오류: ','
Renderer.cpp(83): error C2039: '__glewUniformMatrix4fv': 'glm::tvec4<float,0>'의 멤버가 아닙니다.
  c:\users\riul5\documents\visual studio 2015\projects\sshw1\include\glm\detail/type_vec.hpp(349): note: 'glm::tvec4<float,0>' 선언을 참조하십시오.
Renderer.cpp(83): error C2039: '__glewGetUniformLocation': 'glm::tvec4<float,0>'의 멤버가 아닙니다.
  c:\users\riul5\documents\visual studio 2015\projects\sshw1\include\glm\detail/type_vec.hpp(349): note: 'glm::tvec4<float,0>' 선언을 참조하십시오.
Renderer.cpp(83): error C2039: 'ProgramID': 'glm::tvec4<float,0>'의 멤버가 아닙니다.
  c:\users\riul5\documents\visual studio 2015\projects\sshw1\include\glm\detail/type_vec.hpp(349): note: 'glm::tvec4<float,0>' 선언을 참조하십시오.
Renderer.cpp(83): error C2039: 'ModelView_mat': 'glm::tvec4<float,0>'의 멤버가 아닙니다.
  c:\users\riul5\documents\visual studio 2015\projects\sshw1\include\glm\detail/type_vec.hpp(349): note: 'glm::tvec4<float,0>' 선언을 참조하십시오.
Renderer.cpp(84): error C2039: 'glDrawArrays': 'glm::tvec4<float,0>'의 멤버가 아닙니다.
  c:\users\riul5\documents\visual studio 2015\projects\sshw1\include\glm\detail/type_vec.hpp(349): note: 'glm::tvec4<float,0>' 선언을 참조하십시오.
Renderer.cpp(84): error C2039: 'myObject': 'glm::tvec4<float,0>'의 멤버가 아닙니다.
  c:\users\riul5\documents\visual studio 2015\projects\sshw1\include\glm\detail/type_vec.hpp(349): note: 'glm::tvec4<float,0>' 선언을 참조하십시오.
Renderer.cpp(84): error C2039: 'i': 'glm::tvec4<float,0>'의 멤버가 아닙니다.
  c:\users\riul5\documents\visual studio 2015\projects\sshw1\include\glm\detail/type_vec.hpp(349): note: 'glm::tvec4<float,0>' 선언을 참조하십시오.
Renderer.cpp(84): error C2039: 'vertex_list': 'glm::tvec4<float,0>'의 멤버가 아닙니다.
  c:\users\riul5\documents\visual studio 2015\projects\sshw1\include\glm\detail/type_vec.hpp(349): note: 'glm::tvec4<float,0>' 선언을 참조하십시오.
Renderer.cpp(84): error C2228: '.size' 왼쪽에는 클래스/구조체/공용 구조체가 있어야 합니다.
  Viewer.cpp
Viewer.cpp(119): warning C4244: '=': 'double'에서 'float'(으)로 변환하면서 데이터가 손실될 수 있습니다.
Viewer.cpp(180): warning C4244: '=': 'double'에서 'float'(으)로 변환하면서 데이터가 손실될 수 있습니다.
Viewer.cpp(181): warning C4244: '=': 'double'에서 'float'(으)로 변환하면서 데이터가 손실될 수 있습니다.
Viewer.cpp(190): warning C4244: '=': 'double'에서 'float'(으)로 변환하면서 데이터가 손실될 수 있습니다.
Viewer.cpp(195): warning C4244: '=': 'double'에서 'float'(으)로 변환하면서 데이터가 손실될 수 있습니다.
  main.cpp
